Using pre-set license
Built from '2022.3/staging' branch; Version is '2022.3.37f1 (340ba89e4c23) revision 3410856'; Using compiler version '192829333'; Build Type 'Release'
OS: 'Windows 10  (10.0.19045) 64bit Professional' Language: 'tr' Physical Memory: 16322 MB
BatchMode: 1, IsHumanControllingUs: 0, StartBugReporterOnCrash: 0, Is64bit: 1, IsPro: 1

COMMAND LINE ARGUMENTS:
C:\Program Files\Unity\Hub\Editor\2022.3.37f1\Editor\Unity.exe
-adb2
-batchMode
-noUpm
-name
AssetImportWorker0
-projectPath
C:/Users/Sude/Documents/GitHub/GoogleOUA-Bootcamp-Grup110/Animafe
-logFile
Logs/AssetImportWorker0.log
-srvPort
51224
Successfully changed project path to: C:/Users/Sude/Documents/GitHub/GoogleOUA-Bootcamp-Grup110/Animafe
C:/Users/Sude/Documents/GitHub/GoogleOUA-Bootcamp-Grup110/Animafe
[UnityMemory] Configuration Parameters - Can be set up in boot.config
    "memorysetup-bucket-allocator-granularity=16"
    "memorysetup-bucket-allocator-bucket-count=8"
    "memorysetup-bucket-allocator-block-size=33554432"
    "memorysetup-bucket-allocator-block-count=8"
    "memorysetup-main-allocator-block-size=16777216"
    "memorysetup-thread-allocator-block-size=16777216"
    "memorysetup-gfx-main-allocator-block-size=16777216"
    "memorysetup-gfx-thread-allocator-block-size=16777216"
    "memorysetup-cache-allocator-block-size=4194304"
    "memorysetup-typetree-allocator-block-size=2097152"
    "memorysetup-profiler-bucket-allocator-granularity=16"
    "memorysetup-profiler-bucket-allocator-bucket-count=8"
    "memorysetup-profiler-bucket-allocator-block-size=33554432"
    "memorysetup-profiler-bucket-allocator-block-count=8"
    "memorysetup-profiler-allocator-block-size=16777216"
    "memorysetup-profiler-editor-allocator-block-size=1048576"
    "memorysetup-temp-allocator-size-main=16777216"
    "memorysetup-job-temp-allocator-block-size=2097152"
    "memorysetup-job-temp-allocator-block-size-background=1048576"
    "memorysetup-job-temp-allocator-reduction-small-platforms=262144"
    "memorysetup-allocator-temp-initial-block-size-main=262144"
    "memorysetup-allocator-temp-initial-block-size-worker=262144"
    "memorysetup-temp-allocator-size-background-worker=32768"
    "memorysetup-temp-allocator-size-job-worker=262144"
    "memorysetup-temp-allocator-size-preload-manager=33554432"
    "memorysetup-temp-allocator-size-nav-mesh-worker=65536"
    "memorysetup-temp-allocator-size-audio-worker=65536"
    "memorysetup-temp-allocator-size-cloud-worker=32768"
    "memorysetup-temp-allocator-size-gi-baking-worker=262144"
    "memorysetup-temp-allocator-size-gfx=262144"
Player connection [19356] Host "[IP] 192.168.1.10 [Port] 0 [Flags] 2 [Guid] 893989273 [EditorId] 893989273 [Version] 1048832 [Id] WindowsEditor(7,DESKTOP-MCG52OK) [Debug] 1 [PackageName] WindowsEditor [ProjectName] Editor" joined multi-casting on [225.0.0.222:54997]...

Player connection [19356] Host "[IP] 192.168.1.10 [Port] 0 [Flags] 2 [Guid] 893989273 [EditorId] 893989273 [Version] 1048832 [Id] WindowsEditor(7,DESKTOP-MCG52OK) [Debug] 1 [PackageName] WindowsEditor [ProjectName] Editor" joined alternative multi-casting on [225.0.0.222:34997]...

[PhysX] Initialized MultithreadedTaskDispatcher with 4 workers.
Refreshing native plugins compatible for Editor in 16.83 ms, found 3 plugins.
Preloading 0 native plugins for Editor in 0.00 ms.
Initialize engine version: 2022.3.37f1 (340ba89e4c23)
[Subsystems] Discovering subsystems at path C:/Program Files/Unity/Hub/Editor/2022.3.37f1/Editor/Data/Resources/UnitySubsystems
[Subsystems] Discovering subsystems at path C:/Users/Sude/Documents/GitHub/GoogleOUA-Bootcamp-Grup110/Animafe/Assets
GfxDevice: creating device client; threaded=0; jobified=0
Direct3D:
    Version:  Direct3D 11.0 [level 11.1]
    Renderer: NVIDIA GeForce RTX 2060 SUPER (ID=0x1f06)
    Vendor:   NVIDIA
    VRAM:     8019 MB
    Driver:   31.0.15.4601
Initialize mono
Mono path[0] = 'C:/Program Files/Unity/Hub/Editor/2022.3.37f1/Editor/Data/Managed'
Mono path[1] = 'C:/Program Files/Unity/Hub/Editor/2022.3.37f1/Editor/Data/MonoBleedingEdge/lib/mono/unityjit-win32'
Mono config path = 'C:/Program Files/Unity/Hub/Editor/2022.3.37f1/Editor/Data/MonoBleedingEdge/etc'
Using monoOptions --debugger-agent=transport=dt_socket,embedding=1,server=y,suspend=n,address=127.0.0.1:56700
Begin MonoManager ReloadAssembly
Registering precompiled unity dll's ...
Register platform support module: C:/Program Files/Unity/Hub/Editor/2022.3.37f1/Editor/Data/PlaybackEngines/WindowsStandaloneSupport/UnityEditor.WindowsStandalone.Extensions.dll
Registered in 0.015605 seconds.
- Loaded All Assemblies, in  0.515 seconds
Native extension for WindowsStandalone target not found
Mono: successfully reloaded assembly
- Finished resetting the current domain, in  0.326 seconds
Domain Reload Profiling: 837ms
	BeginReloadAssembly (176ms)
		ExecutionOrderSort (0ms)
		DisableScriptedObjects (0ms)
		BackupInstance (0ms)
		ReleaseScriptingObjects (0ms)
		CreateAndSetChildDomain (1ms)
	RebuildCommonClasses (49ms)
	RebuildNativeTypeToScriptingClass (19ms)
	initialDomainReloadingComplete (89ms)
	LoadAllAssembliesAndSetupDomain (178ms)
		LoadAssemblies (173ms)
		RebuildTransferFunctionScriptingTraits (0ms)
		AnalyzeDomain (174ms)
			TypeCache.Refresh (173ms)
				TypeCache.ScanAssembly (153ms)
			ScanForSourceGeneratedMonoScriptInfo (0ms)
			ResolveRequiredComponents (0ms)
	FinalizeReload (326ms)
		ReleaseScriptCaches (0ms)
		RebuildScriptCaches (0ms)
		SetupLoadedEditorAssemblies (251ms)
			LogAssemblyErrors (0ms)
			InitializePlatformSupportModulesInManaged (13ms)
			SetLoadedEditorAssemblies (9ms)
			RefreshPlugins (0ms)
			BeforeProcessingInitializeOnLoad (3ms)
			ProcessInitializeOnLoadAttributes (175ms)
			ProcessInitializeOnLoadMethodAttributes (51ms)
			AfterProcessingInitializeOnLoad (0ms)
			EditorAssembliesLoaded (0ms)
		ExecutionOrderSort2 (0ms)
		AwakeInstancesAfterBackupRestoration (0ms)
========================================================================
Worker process is ready to serve import requests
Begin MonoManager ReloadAssembly
- Loaded All Assemblies, in  0.701 seconds
Refreshing native plugins compatible for Editor in 4.97 ms, found 3 plugins.
Native extension for WindowsStandalone target not found
Package Manager log level set to [2]
[Package Manager] Server::EnsureServerProcessIsRunning -- launch failed, reason: Unity was launched with the -noUpm command-line argument
[Package Manager] UpmClient::Send -- Unable to send message (not connected to UPM process).
[Package Manager] Cannot connect to Unity Package Manager local server
Mono: successfully reloaded assembly
- Finished resetting the current domain, in  0.571 seconds
Domain Reload Profiling: 1269ms
	BeginReloadAssembly (164ms)
		ExecutionOrderSort (0ms)
		DisableScriptedObjects (6ms)
		BackupInstance (0ms)
		ReleaseScriptingObjects (0ms)
		CreateAndSetChildDomain (21ms)
	RebuildCommonClasses (34ms)
	RebuildNativeTypeToScriptingClass (12ms)
	initialDomainReloadingComplete (49ms)
	LoadAllAssembliesAndSetupDomain (439ms)
		LoadAssemblies (356ms)
		RebuildTransferFunctionScriptingTraits (0ms)
		AnalyzeDomain (182ms)
			TypeCache.Refresh (162ms)
				TypeCache.ScanAssembly (146ms)
			ScanForSourceGeneratedMonoScriptInfo (14ms)
			ResolveRequiredComponents (5ms)
	FinalizeReload (572ms)
		ReleaseScriptCaches (0ms)
		RebuildScriptCaches (0ms)
		SetupLoadedEditorAssemblies (423ms)
			LogAssemblyErrors (0ms)
			InitializePlatformSupportModulesInManaged (9ms)
			SetLoadedEditorAssemblies (4ms)
			RefreshPlugins (0ms)
			BeforeProcessingInitializeOnLoad (67ms)
			ProcessInitializeOnLoadAttributes (310ms)
			ProcessInitializeOnLoadMethodAttributes (22ms)
			AfterProcessingInitializeOnLoad (12ms)
			EditorAssembliesLoaded (0ms)
		ExecutionOrderSort2 (0ms)
		AwakeInstancesAfterBackupRestoration (7ms)
Launched and connected shader compiler UnityShaderCompiler.exe after 0.06 seconds
Refreshing native plugins compatible for Editor in 7.26 ms, found 3 plugins.
Preloading 0 native plugins for Editor in 0.00 ms.
Unloading 3099 Unused Serialized files (Serialized files now loaded: 0)
Unloading 33 unused Assets / (57.6 KB). Loaded Objects now: 3559.
Memory consumption went from 118.9 MB to 118.9 MB.
Total: 2.833500 ms (FindLiveObjects: 0.225700 ms CreateObjectMapping: 0.190200 ms MarkObjects: 2.321100 ms  DeleteObjects: 0.095500 ms)

AssetImportParameters requested are different than current active one (requested -> active):
  custom:container-demuxer-ogg: 62fdf1f143b41e24485cea50d1cbac27 -> 
  custom:video-decoder-ogg-theora: a1e56fd34408186e4bbccfd4996cb3dc -> 
  custom:framework-win-MediaFoundation: 216162199b28c13a410421893ffa2e32 -> 
  custom:CustomObjectIndexerAttribute: 9a22284fe3817be447336de3de66b15e -> 
  custom:container-demuxer-webm: 4f35f7cbe854078d1ac9338744f61a02 -> 
  custom:container-muxer-webm: aa71ff27fc2769a1b78a27578f13a17b -> 
  custom:video-decoder-webm-vp8: 9c59270c3fd7afecdb556c50c9e8de78 -> 
  custom:SearchIndexIgnoredProperties: e643bd26f0fe6173181afceb89e7c659 -> 
  custom:AudioImporter_EditorPlatform: d09bf68614088b80899f8185d706f6e7 -> 
  custom:video-encoder-webm-vp8: eb34c28f22e8b96e1ab97ce403110664 -> 
  custom:audio-decoder-ogg-vorbis: bf7c407c2cedff20999df2af8eb42d56 -> 
  custom:audio-encoder-webm-vorbis: bf7c407c2cedff20999df2af8eb42d56 -> 
========================================================================
Received Import Request.
  Time since last request: 96531.469374 seconds.
  path: Assets/Scenes/Animafe.unity
  artifactKey: Guid(ab39d0a35b5c16d43b943c1aa618ddd7) Importer(815301076,1909f56bfc062723c751e8b465ee728b)
Start importing Assets/Scenes/Animafe.unity using Guid(ab39d0a35b5c16d43b943c1aa618ddd7) Importer(815301076,1909f56bfc062723c751e8b465ee728b) [PhysX] Initialized MultithreadedTaskDispatcher with 4 workers.
 -> (artifact id: '2a356c83c2a9c1918524613f83915795') in 0.003611 seconds
Number of updated asset objects reloaded before import = 0
Number of asset objects unloaded after import = 0
========================================================================
Received Prepare
Begin MonoManager ReloadAssembly
- Loaded All Assemblies, in  0.559 seconds
Refreshing native plugins compatible for Editor in 5.31 ms, found 3 plugins.
Native extension for WindowsStandalone target not found
[Package Manager] Server::EnsureServerProcessIsRunning -- launch failed, reason: Unity was launched with the -noUpm command-line argument
[Package Manager] UpmClient::Send -- Unable to send message (not connected to UPM process).
[Package Manager] Cannot connect to Unity Package Manager local server
Mono: successfully reloaded assembly
- Finished resetting the current domain, in  1.006 seconds
Domain Reload Profiling: 1560ms
	BeginReloadAssembly (192ms)
		ExecutionOrderSort (0ms)
		DisableScriptedObjects (6ms)
		BackupInstance (0ms)
		ReleaseScriptingObjects (0ms)
		CreateAndSetChildDomain (39ms)
	RebuildCommonClasses (36ms)
	RebuildNativeTypeToScriptingClass (13ms)
	initialDomainReloadingComplete (37ms)
	LoadAllAssembliesAndSetupDomain (276ms)
		LoadAssemblies (366ms)
		RebuildTransferFunctionScriptingTraits (0ms)
		AnalyzeDomain (23ms)
			TypeCache.Refresh (9ms)
				TypeCache.ScanAssembly (0ms)
			ScanForSourceGeneratedMonoScriptInfo (7ms)
			ResolveRequiredComponents (6ms)
	FinalizeReload (1006ms)
		ReleaseScriptCaches (0ms)
		RebuildScriptCaches (0ms)
		SetupLoadedEditorAssemblies (393ms)
			LogAssemblyErrors (0ms)
			InitializePlatformSupportModulesInManaged (8ms)
			SetLoadedEditorAssemblies (4ms)
			RefreshPlugins (0ms)
			BeforeProcessingInitializeOnLoad (68ms)
			ProcessInitializeOnLoadAttributes (280ms)
			ProcessInitializeOnLoadMethodAttributes (20ms)
			AfterProcessingInitializeOnLoad (12ms)
			EditorAssembliesLoaded (0ms)
		ExecutionOrderSort2 (0ms)
		AwakeInstancesAfterBackupRestoration (9ms)
Refreshing native plugins compatible for Editor in 4.90 ms, found 3 plugins.
Preloading 0 native plugins for Editor in 0.00 ms.
Unloading 3093 Unused Serialized files (Serialized files now loaded: 0)
Unloading 24 unused Assets / (31.6 KB). Loaded Objects now: 3564.
Memory consumption went from 117.8 MB to 117.8 MB.
Total: 2.340800 ms (FindLiveObjects: 0.240000 ms CreateObjectMapping: 0.172200 ms MarkObjects: 1.880600 ms  DeleteObjects: 0.047000 ms)

Prepare: number of updated asset objects reloaded= 0
AssetImportParameters requested are different than current active one (requested -> active):
  custom:container-demuxer-ogg: 62fdf1f143b41e24485cea50d1cbac27 -> 
  custom:video-decoder-ogg-theora: a1e56fd34408186e4bbccfd4996cb3dc -> 
  custom:framework-win-MediaFoundation: 216162199b28c13a410421893ffa2e32 -> 
  custom:CustomObjectIndexerAttribute: 9a22284fe3817be447336de3de66b15e -> 
  custom:container-demuxer-webm: 4f35f7cbe854078d1ac9338744f61a02 -> 
  custom:container-muxer-webm: aa71ff27fc2769a1b78a27578f13a17b -> 
  custom:video-decoder-webm-vp8: 9c59270c3fd7afecdb556c50c9e8de78 -> 
  custom:SearchIndexIgnoredProperties: e643bd26f0fe6173181afceb89e7c659 -> 
  custom:AudioImporter_EditorPlatform: d09bf68614088b80899f8185d706f6e7 -> 
  custom:video-encoder-webm-vp8: eb34c28f22e8b96e1ab97ce403110664 -> 
  custom:audio-decoder-ogg-vorbis: bf7c407c2cedff20999df2af8eb42d56 -> 
  custom:audio-encoder-webm-vorbis: bf7c407c2cedff20999df2af8eb42d56 -> 
========================================================================
Received Import Request.
  Time since last request: 161.103686 seconds.
  path: Assets/Gridness Studios/Lite Farm Pack
  artifactKey: Guid(ca541cff92d9ee9448f0ff3567bf5b71) Importer(815301076,1909f56bfc062723c751e8b465ee728b)
Start importing Assets/Gridness Studios/Lite Farm Pack using Guid(ca541cff92d9ee9448f0ff3567bf5b71) Importer(815301076,1909f56bfc062723c751e8b465ee728b) [PhysX] Initialized MultithreadedTaskDispatcher with 4 workers.
 -> (artifact id: '6ee6e8664872b2bdb6be1ff13bb7d2cf') in 0.001778 seconds
Number of updated asset objects reloaded before import = 0
Number of asset objects unloaded after import = 0
========================================================================
Received Import Request.
  Time since last request: 1.133333 seconds.
  path: Assets/Gridness Studios/Lite Farm Pack/Demo Scene
  artifactKey: Guid(858117716ad52e24fa0b249dc9810799) Importer(815301076,1909f56bfc062723c751e8b465ee728b)
Start importing Assets/Gridness Studios/Lite Farm Pack/Demo Scene using Guid(858117716ad52e24fa0b249dc9810799) Importer(815301076,1909f56bfc062723c751e8b465ee728b) [PhysX] Initialized MultithreadedTaskDispatcher with 4 workers.
 -> (artifact id: '87f9ce5a66313d34d612a37e1496f9f5') in 0.000735 seconds
Number of updated asset objects reloaded before import = 0
Number of asset objects unloaded after import = 0
========================================================================
Received Import Request.
  Time since last request: 0.530202 seconds.
  path: Assets/Gridness Studios/Lite Farm Pack/Demo Scene/LiteFarmDemoScene.unity
  artifactKey: Guid(fd3ab7e7692231845ae1c44a5319e5eb) Importer(815301076,1909f56bfc062723c751e8b465ee728b)
Start importing Assets/Gridness Studios/Lite Farm Pack/Demo Scene/LiteFarmDemoScene.unity using Guid(fd3ab7e7692231845ae1c44a5319e5eb) Importer(815301076,1909f56bfc062723c751e8b465ee728b) [PhysX] Initialized MultithreadedTaskDispatcher with 4 workers.
 -> (artifact id: '4dd3ac20411bc856501019ee06185e96') in 0.000643 seconds
Number of updated asset objects reloaded before import = 0
Number of asset objects unloaded after import = 0
========================================================================
Received Import Request.
  Time since last request: 41.331108 seconds.
  path: Assets/Scenes/Animafe (Assetlerle yapılan).unity
  artifactKey: Guid(fd3ab7e7692231845ae1c44a5319e5eb) Importer(815301076,1909f56bfc062723c751e8b465ee728b)
Start importing Assets/Scenes/Animafe (Assetlerle yapılan).unity using Guid(fd3ab7e7692231845ae1c44a5319e5eb) Importer(815301076,1909f56bfc062723c751e8b465ee728b) [PhysX] Initialized MultithreadedTaskDispatcher with 4 workers.
 -> (artifact id: 'ee6c44a342d0d95522f87dafea179509') in 0.001039 seconds
Number of updated asset objects reloaded before import = 0
Number of asset objects unloaded after import = 0
========================================================================
Received Import Request.
  Time since last request: 27.610761 seconds.
  path: Assets/Easy Primitive Animals/FarmEdition
  artifactKey: Guid(c73a4fa3d33dc68448df4f461d98c1cb) Importer(815301076,1909f56bfc062723c751e8b465ee728b)
Start importing Assets/Easy Primitive Animals/FarmEdition using Guid(c73a4fa3d33dc68448df4f461d98c1cb) Importer(815301076,1909f56bfc062723c751e8b465ee728b) [PhysX] Initialized MultithreadedTaskDispatcher with 4 workers.
 -> (artifact id: 'd18f0c537fbd76fbf79ea6f593bbbc9d') in 0.001148 seconds
Number of updated asset objects reloaded before import = 0
Number of asset objects unloaded after import = 0
========================================================================
Received Import Request.
  Time since last request: 1.431860 seconds.
  path: Assets/Easy Primitive Animals/FarmEdition/Scenes
  artifactKey: Guid(3321bc8187b398a4aba6459615b5ae06) Importer(815301076,1909f56bfc062723c751e8b465ee728b)
Start importing Assets/Easy Primitive Animals/FarmEdition/Scenes using Guid(3321bc8187b398a4aba6459615b5ae06) Importer(815301076,1909f56bfc062723c751e8b465ee728b) [PhysX] Initialized MultithreadedTaskDispatcher with 4 workers.
 -> (artifact id: '707a7bc2dc3ce6e4458cbc983b62fab7') in 0.000503 seconds
Number of updated asset objects reloaded before import = 0
Number of asset objects unloaded after import = 0
========================================================================
Received Import Request.
  Time since last request: 0.338708 seconds.
  path: Assets/Easy Primitive Animals/FarmEdition/Scripts
  artifactKey: Guid(187253117462e4544b7d0b19a5c304b0) Importer(815301076,1909f56bfc062723c751e8b465ee728b)
Start importing Assets/Easy Primitive Animals/FarmEdition/Scripts using Guid(187253117462e4544b7d0b19a5c304b0) Importer(815301076,1909f56bfc062723c751e8b465ee728b) [PhysX] Initialized MultithreadedTaskDispatcher with 4 workers.
 -> (artifact id: '2649a9f253c961b174f3d8d1a417eb3c') in 0.000511 seconds
Number of updated asset objects reloaded before import = 0
Number of asset objects unloaded after import = 0
========================================================================
Received Import Request.
  Time since last request: 1.276499 seconds.
  path: Assets/Easy Primitive Animals/FarmEdition/Materials
  artifactKey: Guid(cbb45ab3332ab494c9ce25820b217cb4) Importer(815301076,1909f56bfc062723c751e8b465ee728b)
Start importing Assets/Easy Primitive Animals/FarmEdition/Materials using Guid(cbb45ab3332ab494c9ce25820b217cb4) Importer(815301076,1909f56bfc062723c751e8b465ee728b) [PhysX] Initialized MultithreadedTaskDispatcher with 4 workers.
 -> (artifact id: '6f072af23642f8c6aad4cd8efadfae8c') in 0.000505 seconds
Number of updated asset objects reloaded before import = 0
Number of asset objects unloaded after import = 0
========================================================================
Received Import Request.
  Time since last request: 6.328316 seconds.
  path: Assets/Easy Primitive Animals/FarmEdition/Prefabs
  artifactKey: Guid(3a636805779d4f648b365d7df6065a31) Importer(815301076,1909f56bfc062723c751e8b465ee728b)
Start importing Assets/Easy Primitive Animals/FarmEdition/Prefabs using Guid(3a636805779d4f648b365d7df6065a31) Importer(815301076,1909f56bfc062723c751e8b465ee728b) [PhysX] Initialized MultithreadedTaskDispatcher with 4 workers.
 -> (artifact id: '3f8db3dc694e2bf0d659e3d7c647d557') in 0.000514 seconds
Number of updated asset objects reloaded before import = 0
Number of asset objects unloaded after import = 0
========================================================================
Received Import Request.
  Time since last request: 0.947012 seconds.
  path: Assets/Easy Primitive Animals/FarmEdition/Prefabs/Props
  artifactKey: Guid(4ffc0ba437d2b5b468651f50a8c24333) Importer(815301076,1909f56bfc062723c751e8b465ee728b)
Start importing Assets/Easy Primitive Animals/FarmEdition/Prefabs/Props using Guid(4ffc0ba437d2b5b468651f50a8c24333) Importer(815301076,1909f56bfc062723c751e8b465ee728b) [PhysX] Initialized MultithreadedTaskDispatcher with 4 workers.
 -> (artifact id: '01a2eed84290bb42665c795de5c84ae8') in 0.000512 seconds
Number of updated asset objects reloaded before import = 0
Number of asset objects unloaded after import = 0
========================================================================
Received Import Request.
  Time since last request: 1.371855 seconds.
  path: Assets/Easy Primitive Animals/FarmEdition/Prefabs/Props/Trough_small.prefab
  artifactKey: Guid(abb0308c7231d0e43834039a6810fb67) Importer(815301076,1909f56bfc062723c751e8b465ee728b)
Start importing Assets/Easy Primitive Animals/FarmEdition/Prefabs/Props/Trough_small.prefab using Guid(abb0308c7231d0e43834039a6810fb67) Importer(815301076,1909f56bfc062723c751e8b465ee728b) [PhysX] Initialized MultithreadedTaskDispatcher with 4 workers.
[PhysX] Initialized MultithreadedTaskDispatcher with 4 workers.
 -> (artifact id: 'e116bf9fc7accaccfb41c0f02681ad67') in 0.364270 seconds
Number of updated asset objects reloaded before import = 0
Number of asset objects unloaded after import = 62
========================================================================
Received Import Request.
  Time since last request: 0.466260 seconds.
  path: Assets/Easy Primitive Animals/FarmEdition/Prefabs/Props/Trough_large.prefab
  artifactKey: Guid(1fb481a067cffbb41880bd195cef487b) Importer(815301076,1909f56bfc062723c751e8b465ee728b)
Start importing Assets/Easy Primitive Animals/FarmEdition/Prefabs/Props/Trough_large.prefab using Guid(1fb481a067cffbb41880bd195cef487b) Importer(815301076,1909f56bfc062723c751e8b465ee728b) [PhysX] Initialized MultithreadedTaskDispatcher with 4 workers.
[PhysX] Initialized MultithreadedTaskDispatcher with 4 workers.
 -> (artifact id: '8ee17a0b95d08723d23f4bf77ec97cb3') in 0.018124 seconds
Number of updated asset objects reloaded before import = 0
Number of asset objects unloaded after import = 62
========================================================================
Received Import Request.
  Time since last request: 0.364668 seconds.
  path: Assets/Easy Primitive Animals/FarmEdition/Prefabs/Props/Sun.prefab
  artifactKey: Guid(bb944aa872635dc4690bad6abe1af186) Importer(815301076,1909f56bfc062723c751e8b465ee728b)
Start importing Assets/Easy Primitive Animals/FarmEdition/Prefabs/Props/Sun.prefab using Guid(bb944aa872635dc4690bad6abe1af186) Importer(815301076,1909f56bfc062723c751e8b465ee728b) [PhysX] Initialized MultithreadedTaskDispatcher with 4 workers.
[PhysX] Initialized MultithreadedTaskDispatcher with 4 workers.
 -> (artifact id: '8cb82b39917a2cd67aa746246e6b2b73') in 0.039314 seconds
Number of updated asset objects reloaded before import = 0
Number of asset objects unloaded after import = 7
========================================================================
Received Import Request.
  Time since last request: 0.548840 seconds.
  path: Assets/Easy Primitive Animals/FarmEdition/Prefabs/Props/Fence_3.prefab
  artifactKey: Guid(7d2fa0713f72e4540a45253647e16caf) Importer(815301076,1909f56bfc062723c751e8b465ee728b)
Start importing Assets/Easy Primitive Animals/FarmEdition/Prefabs/Props/Fence_3.prefab using Guid(7d2fa0713f72e4540a45253647e16caf) Importer(815301076,1909f56bfc062723c751e8b465ee728b) [PhysX] Initialized MultithreadedTaskDispatcher with 4 workers.
[PhysX] Initialized MultithreadedTaskDispatcher with 4 workers.
 -> (artifact id: '59e712c2816f0269ce6964ad74a43406') in 0.012736 seconds
Number of updated asset objects reloaded before import = 0
Number of asset objects unloaded after import = 51
========================================================================
Received Import Request.
  Time since last request: 0.547880 seconds.
  path: Assets/Easy Primitive Animals/FarmEdition/Prefabs/Props/Fence_2.prefab
  artifactKey: Guid(72cff1da56b6d694f8e0131bc07f7e1b) Importer(815301076,1909f56bfc062723c751e8b465ee728b)
Start importing Assets/Easy Primitive Animals/FarmEdition/Prefabs/Props/Fence_2.prefab using Guid(72cff1da56b6d694f8e0131bc07f7e1b) Importer(815301076,1909f56bfc062723c751e8b465ee728b) [PhysX] Initialized MultithreadedTaskDispatcher with 4 workers.
[PhysX] Initialized MultithreadedTaskDispatcher with 4 workers.
 -> (artifact id: 'acf5913695a30e9f0c693952ddb755bc') in 0.020140 seconds
Number of updated asset objects reloaded before import = 0
Number of asset objects unloaded after import = 51
========================================================================
Received Import Request.
  Time since last request: 0.595819 seconds.
  path: Assets/Easy Primitive Animals/FarmEdition/Prefabs/Props/Fence_1.prefab
  artifactKey: Guid(49c5849ccb82950459a76f30e8a87841) Importer(815301076,1909f56bfc062723c751e8b465ee728b)
Start importing Assets/Easy Primitive Animals/FarmEdition/Prefabs/Props/Fence_1.prefab using Guid(49c5849ccb82950459a76f30e8a87841) Importer(815301076,1909f56bfc062723c751e8b465ee728b) [PhysX] Initialized MultithreadedTaskDispatcher with 4 workers.
[PhysX] Initialized MultithreadedTaskDispatcher with 4 workers.
 -> (artifact id: 'f762534389e07fb0dc82d0b832f23af6') in 0.016472 seconds
Number of updated asset objects reloaded before import = 0
Number of asset objects unloaded after import = 47
========================================================================
Received Import Request.
  Time since last request: 0.466648 seconds.
  path: Assets/Easy Primitive Animals/FarmEdition/Prefabs/Props/Chicken Feed.prefab
  artifactKey: Guid(6fae98ba8b1e1ad468a95059e2b57a24) Importer(815301076,1909f56bfc062723c751e8b465ee728b)
Start importing Assets/Easy Primitive Animals/FarmEdition/Prefabs/Props/Chicken Feed.prefab using Guid(6fae98ba8b1e1ad468a95059e2b57a24) Importer(815301076,1909f56bfc062723c751e8b465ee728b) [PhysX] Initialized MultithreadedTaskDispatcher with 4 workers.
[PhysX] Initialized MultithreadedTaskDispatcher with 4 workers.
 -> (artifact id: 'a209df29f9398980faf12ec1a0d098c8') in 0.016117 seconds
Number of updated asset objects reloaded before import = 0
Number of asset objects unloaded after import = 45
========================================================================
Received Import Request.
  Time since last request: 0.709241 seconds.
  path: Assets/Easy Primitive Animals/FarmEdition/Prefabs/Props/Barn.prefab
  artifactKey: Guid(4a7a7d67fc11af54eb471a245fa7bc29) Importer(815301076,1909f56bfc062723c751e8b465ee728b)
Start importing Assets/Easy Primitive Animals/FarmEdition/Prefabs/Props/Barn.prefab using Guid(4a7a7d67fc11af54eb471a245fa7bc29) Importer(815301076,1909f56bfc062723c751e8b465ee728b) [PhysX] Initialized MultithreadedTaskDispatcher with 4 workers.
[PhysX] Initialized MultithreadedTaskDispatcher with 4 workers.
 -> (artifact id: 'b187f26365554cf73ad3488f66190693') in 0.183698 seconds
Number of updated asset objects reloaded before import = 0
Number of asset objects unloaded after import = 246
========================================================================
Received Import Request.
  Time since last request: 475.235590 seconds.
  path: Assets/Easy Primitive Animals/FarmEdition/Prefabs/Animals/Chicken.prefab
  artifactKey: Guid(3bd4eb13459efc04fb4e6097b0ca719f) Importer(815301076,1909f56bfc062723c751e8b465ee728b)
Start importing Assets/Easy Primitive Animals/FarmEdition/Prefabs/Animals/Chicken.prefab using Guid(3bd4eb13459efc04fb4e6097b0ca719f) Importer(815301076,1909f56bfc062723c751e8b465ee728b) [PhysX] Initialized MultithreadedTaskDispatcher with 4 workers.
[PhysX] Initialized MultithreadedTaskDispatcher with 4 workers.
 -> (artifact id: 'c00fe1199b4c09fdcd35891e607b6f17') in 0.020678 seconds
Number of updated asset objects reloaded before import = 0
Number of asset objects unloaded after import = 132
========================================================================
Received Import Request.
  Time since last request: 13.427973 seconds.
  path: Assets/Easy Primitive Animals/FarmEdition/Scenes/PrimitiveAnimalsDemoScene2.unity
  artifactKey: Guid(11800d29e2313ad40bb915ed26514efb) Importer(815301076,1909f56bfc062723c751e8b465ee728b)
Start importing Assets/Easy Primitive Animals/FarmEdition/Scenes/PrimitiveAnimalsDemoScene2.unity using Guid(11800d29e2313ad40bb915ed26514efb) Importer(815301076,1909f56bfc062723c751e8b465ee728b) [PhysX] Initialized MultithreadedTaskDispatcher with 4 workers.
 -> (artifact id: 'c225aa6eec6e0783805413299ff60d2f') in 0.000730 seconds
Number of updated asset objects reloaded before import = 0
Number of asset objects unloaded after import = 0
========================================================================
Received Import Request.
  Time since last request: 0.357996 seconds.
  path: Assets/Easy Primitive Animals/FarmEdition/Scenes/PrimitiveAnimalsDemoScene1.unity
  artifactKey: Guid(adc80317f90b1e64e93f3256c220ab09) Importer(815301076,1909f56bfc062723c751e8b465ee728b)
Start importing Assets/Easy Primitive Animals/FarmEdition/Scenes/PrimitiveAnimalsDemoScene1.unity using Guid(adc80317f90b1e64e93f3256c220ab09) Importer(815301076,1909f56bfc062723c751e8b465ee728b) [PhysX] Initialized MultithreadedTaskDispatcher with 4 workers.
 -> (artifact id: 'b129a58cfa66faf3010bc076b328220e') in 0.000740 seconds
Number of updated asset objects reloaded before import = 0
Number of asset objects unloaded after import = 0
========================================================================
Received Import Request.
  Time since last request: 47.344568 seconds.
  path: Assets/Easy Primitive Animals/FarmEdition/Prefabs/Props/MudPuddle.prefab
  artifactKey: Guid(fcea09bbd37d00e47bea4b56e59d312c) Importer(815301076,1909f56bfc062723c751e8b465ee728b)
Start importing Assets/Easy Primitive Animals/FarmEdition/Prefabs/Props/MudPuddle.prefab using Guid(fcea09bbd37d00e47bea4b56e59d312c) Importer(815301076,1909f56bfc062723c751e8b465ee728b) [PhysX] Initialized MultithreadedTaskDispatcher with 4 workers.
[PhysX] Initialized MultithreadedTaskDispatcher with 4 workers.
 -> (artifact id: '303a57dc54e25ccafff08baf35370426') in 0.027552 seconds
Number of updated asset objects reloaded before import = 0
Number of asset objects unloaded after import = 20
========================================================================
Received Import Request.
  Time since last request: 0.691935 seconds.
  path: Assets/Easy Primitive Animals/FarmEdition/Prefabs/Props/Farmer.prefab
  artifactKey: Guid(6f1ec9dd1febb2e45b5972f5088e150e) Importer(815301076,1909f56bfc062723c751e8b465ee728b)
Start importing Assets/Easy Primitive Animals/FarmEdition/Prefabs/Props/Farmer.prefab using Guid(6f1ec9dd1febb2e45b5972f5088e150e) Importer(815301076,1909f56bfc062723c751e8b465ee728b) [PhysX] Initialized MultithreadedTaskDispatcher with 4 workers.
[PhysX] Initialized MultithreadedTaskDispatcher with 4 workers.
 -> (artifact id: '006e5d6e6bd46155a839dc78fe404c93') in 0.028980 seconds
Number of updated asset objects reloaded before import = 0
Number of asset objects unloaded after import = 199
========================================================================
Received Import Request.
  Time since last request: 673.143988 seconds.
  path: Assets/JC_StylizedRocks_Lite/Prefabs/SM_Rocks_01.prefab
  artifactKey: Guid(46e654c102087004988f6462e5ae7133) Importer(815301076,1909f56bfc062723c751e8b465ee728b)
Start importing Assets/JC_StylizedRocks_Lite/Prefabs/SM_Rocks_01.prefab using Guid(46e654c102087004988f6462e5ae7133) Importer(815301076,1909f56bfc062723c751e8b465ee728b) [PhysX] Initialized MultithreadedTaskDispatcher with 4 workers.
[PhysX] Initialized MultithreadedTaskDispatcher with 4 workers.
 -> (artifact id: 'f9cd76a493a8dddc1ba5970c528734cc') in 0.264429 seconds
Number of updated asset objects reloaded before import = 0
Number of asset objects unloaded after import = 11
========================================================================
Received Import Request.
  Time since last request: 0.412604 seconds.
  path: Assets/JC_StylizedRocks_Lite/Prefabs/SM_Rocks_02.prefab
  artifactKey: Guid(9cf4cca6be6d72b4191cec509848f6ac) Importer(815301076,1909f56bfc062723c751e8b465ee728b)
Start importing Assets/JC_StylizedRocks_Lite/Prefabs/SM_Rocks_02.prefab using Guid(9cf4cca6be6d72b4191cec509848f6ac) Importer(815301076,1909f56bfc062723c751e8b465ee728b) [PhysX] Initialized MultithreadedTaskDispatcher with 4 workers.
[PhysX] Initialized MultithreadedTaskDispatcher with 4 workers.
 -> (artifact id: '453d431327c68c6d842dc126de928e2f') in 0.036507 seconds
Number of updated asset objects reloaded before import = 0
Number of asset objects unloaded after import = 11
========================================================================
Received Import Request.
  Time since last request: 0.427003 seconds.
  path: Assets/JC_StylizedRocks_Lite/Prefabs/SM_Rocks_03.prefab
  artifactKey: Guid(b0abe2cf3d0874541a042aeb54738371) Importer(815301076,1909f56bfc062723c751e8b465ee728b)
Start importing Assets/JC_StylizedRocks_Lite/Prefabs/SM_Rocks_03.prefab using Guid(b0abe2cf3d0874541a042aeb54738371) Importer(815301076,1909f56bfc062723c751e8b465ee728b) [PhysX] Initialized MultithreadedTaskDispatcher with 4 workers.
[PhysX] Initialized MultithreadedTaskDispatcher with 4 workers.
 -> (artifact id: 'ce580af871936926900b4704e77adffc') in 0.026280 seconds
Number of updated asset objects reloaded before import = 0
Number of asset objects unloaded after import = 11
========================================================================
Received Import Request.
  Time since last request: 4.197056 seconds.
  path: Assets/JC_StylizedRocks_Lite/Prefabs/SM_Rocks_04.prefab
  artifactKey: Guid(86509780b07285a44a69b1eb089a3ed1) Importer(815301076,1909f56bfc062723c751e8b465ee728b)
Start importing Assets/JC_StylizedRocks_Lite/Prefabs/SM_Rocks_04.prefab using Guid(86509780b07285a44a69b1eb089a3ed1) Importer(815301076,1909f56bfc062723c751e8b465ee728b) [PhysX] Initialized MultithreadedTaskDispatcher with 4 workers.
[PhysX] Initialized MultithreadedTaskDispatcher with 4 workers.
 -> (artifact id: 'ea3c8bbb01c189e45ac5700599208d99') in 0.020783 seconds
Number of updated asset objects reloaded before import = 0
Number of asset objects unloaded after import = 11
========================================================================
Received Import Request.
  Time since last request: 34.753042 seconds.
  path: Assets/JC_StylizedRocks_Lite/JC_StylizedRocks_Lite_2022.3.1_HDRP_v1.0.unitypackage
  artifactKey: Guid(f5ec80e8484b5ad40b7f612a0af84dd8) Importer(815301076,1909f56bfc062723c751e8b465ee728b)
Start importing Assets/JC_StylizedRocks_Lite/JC_StylizedRocks_Lite_2022.3.1_HDRP_v1.0.unitypackage using Guid(f5ec80e8484b5ad40b7f612a0af84dd8) Importer(815301076,1909f56bfc062723c751e8b465ee728b) [PhysX] Initialized MultithreadedTaskDispatcher with 4 workers.
 -> (artifact id: '9aa5bb94795ea8e33744879ad17cd647') in 0.001112 seconds
Number of updated asset objects reloaded before import = 0
Number of asset objects unloaded after import = 1
========================================================================
Received Import Request.
  Time since last request: 0.528505 seconds.
  path: Assets/JC_StylizedRocks_Lite/JC_StylizedRocks_Lite_2022.3.1_URP_v1.0.unitypackage
  artifactKey: Guid(b2594000ce9510744bd2f078a5324ae6) Importer(815301076,1909f56bfc062723c751e8b465ee728b)
Start importing Assets/JC_StylizedRocks_Lite/JC_StylizedRocks_Lite_2022.3.1_URP_v1.0.unitypackage using Guid(b2594000ce9510744bd2f078a5324ae6) Importer(815301076,1909f56bfc062723c751e8b465ee728b) [PhysX] Initialized MultithreadedTaskDispatcher with 4 workers.
 -> (artifact id: '5fdd81ae0c173ee65a1d515f74365f06') in 0.000933 seconds
Number of updated asset objects reloaded before import = 0
Number of asset objects unloaded after import = 1
========================================================================
Received Import Request.
  Time since last request: 2.096445 seconds.
  path: Assets/JC_StylizedRocks_Lite/Models/SM_Rocks_04.fbx
  artifactKey: Guid(96185f8aa01e19d46922d59530259425) Importer(815301076,1909f56bfc062723c751e8b465ee728b)
Start importing Assets/JC_StylizedRocks_Lite/Models/SM_Rocks_04.fbx using Guid(96185f8aa01e19d46922d59530259425) Importer(815301076,1909f56bfc062723c751e8b465ee728b) [PhysX] Initialized MultithreadedTaskDispatcher with 4 workers.
[PhysX] Initialized MultithreadedTaskDispatcher with 4 workers.
[PhysX] Initialized MultithreadedTaskDispatcher with 4 workers.
 -> (artifact id: '5e6be85a4117c4afafffb5a5d60f5c23') in 0.165414 seconds
Number of updated asset objects reloaded before import = 0
Number of asset objects unloaded after import = 7
========================================================================
Received Import Request.
  Time since last request: 0.644636 seconds.
  path: Assets/JC_StylizedRocks_Lite/Models/SM_Rocks_03.fbx
  artifactKey: Guid(d74aff6b5ff331e4fbeff2c6ee6abd85) Importer(815301076,1909f56bfc062723c751e8b465ee728b)
Start importing Assets/JC_StylizedRocks_Lite/Models/SM_Rocks_03.fbx using Guid(d74aff6b5ff331e4fbeff2c6ee6abd85) Importer(815301076,1909f56bfc062723c751e8b465ee728b) [PhysX] Initialized MultithreadedTaskDispatcher with 4 workers.
[PhysX] Initialized MultithreadedTaskDispatcher with 4 workers.
[PhysX] Initialized MultithreadedTaskDispatcher with 4 workers.
 -> (artifact id: '4e2ad2208fcc0d65e37c944fcbef38e0') in 0.023335 seconds
Number of updated asset objects reloaded before import = 0
Number of asset objects unloaded after import = 7
========================================================================
Received Import Request.
  Time since last request: 410.797977 seconds.
  path: Assets/Free Stylized Skybox/CubeMap
  artifactKey: Guid(8f1c5a5cb73b94a419410c4554e1dd97) Importer(815301076,1909f56bfc062723c751e8b465ee728b)
Start importing Assets/Free Stylized Skybox/CubeMap using Guid(8f1c5a5cb73b94a419410c4554e1dd97) Importer(815301076,1909f56bfc062723c751e8b465ee728b) [PhysX] Initialized MultithreadedTaskDispatcher with 4 workers.
 -> (artifact id: '51906a4180f147557dd214883acf34a7') in 0.001164 seconds
Number of updated asset objects reloaded before import = 0
Number of asset objects unloaded after import = 0
========================================================================
Received Import Request.
  Time since last request: 1.346847 seconds.
  path: Assets/Free Stylized Skybox/ReadMe.txt
  artifactKey: Guid(a86ec5db966ebbe45aba28c70be3c459) Importer(815301076,1909f56bfc062723c751e8b465ee728b)
Start importing Assets/Free Stylized Skybox/ReadMe.txt using Guid(a86ec5db966ebbe45aba28c70be3c459) Importer(815301076,1909f56bfc062723c751e8b465ee728b) [PhysX] Initialized MultithreadedTaskDispatcher with 4 workers.
 -> (artifact id: 'fe14a904382f8af78b7a5e478f50563e') in 0.001217 seconds
Number of updated asset objects reloaded before import = 0
Number of asset objects unloaded after import = 1
========================================================================
Received Import Request.
  Time since last request: 0.638478 seconds.
  path: Assets/Free Stylized Skybox/Panoramic
  artifactKey: Guid(6588c901b4b81d540b701c69a7474393) Importer(815301076,1909f56bfc062723c751e8b465ee728b)
Start importing Assets/Free Stylized Skybox/Panoramic using Guid(6588c901b4b81d540b701c69a7474393) Importer(815301076,1909f56bfc062723c751e8b465ee728b) [PhysX] Initialized MultithreadedTaskDispatcher with 4 workers.
 -> (artifact id: 'c51c771e7592cc5f017bb8049275a044') in 0.000595 seconds
Number of updated asset objects reloaded before import = 0
Number of asset objects unloaded after import = 0
========================================================================
Received Import Request.
  Time since last request: 0.986265 seconds.
  path: Assets/Free Stylized Skybox/Panoramic/Materials
  artifactKey: Guid(caf6dc09e20841545a84ea5110230189) Importer(815301076,1909f56bfc062723c751e8b465ee728b)
Start importing Assets/Free Stylized Skybox/Panoramic/Materials using Guid(caf6dc09e20841545a84ea5110230189) Importer(815301076,1909f56bfc062723c751e8b465ee728b) [PhysX] Initialized MultithreadedTaskDispatcher with 4 workers.
 -> (artifact id: 'b6ac6713563275fa94e997630b465443') in 0.000657 seconds
Number of updated asset objects reloaded before import = 0
Number of asset objects unloaded after import = 0
========================================================================
Received Import Request.
  Time since last request: 0.908359 seconds.
  path: Assets/Free Stylized Skybox/Panoramic/Textures/Sky_Anime_11_morning_a.png
  artifactKey: Guid(7aec8516610b2ff4abcdda8106713279) Importer(815301076,1909f56bfc062723c751e8b465ee728b)
Start importing Assets/Free Stylized Skybox/Panoramic/Textures/Sky_Anime_11_morning_a.png using Guid(7aec8516610b2ff4abcdda8106713279) Importer(815301076,1909f56bfc062723c751e8b465ee728b) [PhysX] Initialized MultithreadedTaskDispatcher with 4 workers.
[PhysX] Initialized MultithreadedTaskDispatcher with 4 workers.
 -> (artifact id: '0def9b531bab9f78ecf0fc9824a2a78b') in 0.122728 seconds
Number of updated asset objects reloaded before import = 0
Number of asset objects unloaded after import = 2
========================================================================
Received Import Request.
  Time since last request: 15.046499 seconds.
  path: Assets/Free Stylized Skybox/Panoramic/Textures/Sky_Anime_15_Day_a.png
  artifactKey: Guid(80d697d9e2b2d324da231c441502f3e8) Importer(815301076,1909f56bfc062723c751e8b465ee728b)
Start importing Assets/Free Stylized Skybox/Panoramic/Textures/Sky_Anime_15_Day_a.png using Guid(80d697d9e2b2d324da231c441502f3e8) Importer(815301076,1909f56bfc062723c751e8b465ee728b) [PhysX] Initialized MultithreadedTaskDispatcher with 4 workers.
[PhysX] Initialized MultithreadedTaskDispatcher with 4 workers.
 -> (artifact id: 'f7d39e82ceaca891e31afee800e08087') in 0.046331 seconds
Number of updated asset objects reloaded before import = 0
Number of asset objects unloaded after import = 2
========================================================================
Received Import Request.
  Time since last request: 0.785389 seconds.
  path: Assets/Free Stylized Skybox/Panoramic/Textures/Sky_Anime_18_day_a.png
  artifactKey: Guid(79d597b1e21ad6f43a22cf1308281022) Importer(815301076,1909f56bfc062723c751e8b465ee728b)
Start importing Assets/Free Stylized Skybox/Panoramic/Textures/Sky_Anime_18_day_a.png using Guid(79d597b1e21ad6f43a22cf1308281022) Importer(815301076,1909f56bfc062723c751e8b465ee728b) [PhysX] Initialized MultithreadedTaskDispatcher with 4 workers.
[PhysX] Initialized MultithreadedTaskDispatcher with 4 workers.
 -> (artifact id: '8a62ecf0b38ed3deb87b8f81a325626e') in 0.051005 seconds
Number of updated asset objects reloaded before import = 0
Number of asset objects unloaded after import = 2
========================================================================
Received Import Request.
  Time since last request: 8.704415 seconds.
  path: Assets/Free Stylized Skybox/Panoramic/Textures/Sky_Anime_03_Day_a.png
  artifactKey: Guid(f533b109bd941ea44b93a29274d4eef9) Importer(815301076,1909f56bfc062723c751e8b465ee728b)
Start importing Assets/Free Stylized Skybox/Panoramic/Textures/Sky_Anime_03_Day_a.png using Guid(f533b109bd941ea44b93a29274d4eef9) Importer(815301076,1909f56bfc062723c751e8b465ee728b) [PhysX] Initialized MultithreadedTaskDispatcher with 4 workers.
[PhysX] Initialized MultithreadedTaskDispatcher with 4 workers.
 -> (artifact id: 'f00c22f00d192a1a970a599847e446f6') in 0.042356 seconds
Number of updated asset objects reloaded before import = 0
Number of asset objects unloaded after import = 2
========================================================================
Received Import Request.
  Time since last request: 31.193586 seconds.
  path: Assets/Free Stylized Skybox/CubeMap/Textures
  artifactKey: Guid(6953ca6a2dba6a642abc25c20195238e) Importer(815301076,1909f56bfc062723c751e8b465ee728b)
Start importing Assets/Free Stylized Skybox/CubeMap/Textures using Guid(6953ca6a2dba6a642abc25c20195238e) Importer(815301076,1909f56bfc062723c751e8b465ee728b) [PhysX] Initialized MultithreadedTaskDispatcher with 4 workers.
 -> (artifact id: '30002a1e4e6618dba2fd0081786ca6d4') in 0.000624 seconds
Number of updated asset objects reloaded before import = 0
Number of asset objects unloaded after import = 0
========================================================================
Received Import Request.
  Time since last request: 0.328365 seconds.
  path: Assets/Free Stylized Skybox/CubeMap/Materials
  artifactKey: Guid(19743084541fd7f4eb15d11302fbc857) Importer(815301076,1909f56bfc062723c751e8b465ee728b)
Start importing Assets/Free Stylized Skybox/CubeMap/Materials using Guid(19743084541fd7f4eb15d11302fbc857) Importer(815301076,1909f56bfc062723c751e8b465ee728b) [PhysX] Initialized MultithreadedTaskDispatcher with 4 workers.
 -> (artifact id: 'bf92bc14e080ea497ec42267c7023968') in 0.000481 seconds
Number of updated asset objects reloaded before import = 0
Number of asset objects unloaded after import = 0
========================================================================
Received Import Request.
  Time since last request: 0.572391 seconds.
  path: Assets/Free Stylized Skybox/CubeMap/Textures/Sky_Anime_11_morning_a.png
  artifactKey: Guid(c1473a09822798a41a9cfa11f2721db6) Importer(815301076,1909f56bfc062723c751e8b465ee728b)
Start importing Assets/Free Stylized Skybox/CubeMap/Textures/Sky_Anime_11_morning_a.png using Guid(c1473a09822798a41a9cfa11f2721db6) Importer(815301076,1909f56bfc062723c751e8b465ee728b) [PhysX] Initialized MultithreadedTaskDispatcher with 4 workers.
[PhysX] Initialized MultithreadedTaskDispatcher with 4 workers.
[PhysX] Initialized MultithreadedTaskDispatcher with 4 workers.
 -> (artifact id: '22f37811933c19962acdebcc90f71656') in 0.173098 seconds
Number of updated asset objects reloaded before import = 0
Number of asset objects unloaded after import = 1
========================================================================
Received Import Request.
  Time since last request: 10.119268 seconds.
  path: Assets/Free Stylized Skybox/CubeMap/Textures/Sky_Anime_18_day_a.png
  artifactKey: Guid(b15764350a2285e49a165af927da5da5) Importer(815301076,1909f56bfc062723c751e8b465ee728b)
Start importing Assets/Free Stylized Skybox/CubeMap/Textures/Sky_Anime_18_day_a.png using Guid(b15764350a2285e49a165af927da5da5) Importer(815301076,1909f56bfc062723c751e8b465ee728b) [PhysX] Initialized MultithreadedTaskDispatcher with 4 workers.
[PhysX] Initialized MultithreadedTaskDispatcher with 4 workers.
[PhysX] Initialized MultithreadedTaskDispatcher with 4 workers.
 -> (artifact id: 'a87489e3b54618f86a3fd62ce42572cc') in 0.110132 seconds
Number of updated asset objects reloaded before import = 0
Number of asset objects unloaded after import = 1
========================================================================
Received Import Request.
  Time since last request: 0.641165 seconds.
  path: Assets/Free Stylized Skybox/CubeMap/Textures/Sky_LowPoly_01_Day_a.png
  artifactKey: Guid(15941f70fce71784da1321794120ea6a) Importer(815301076,1909f56bfc062723c751e8b465ee728b)
Start importing Assets/Free Stylized Skybox/CubeMap/Textures/Sky_LowPoly_01_Day_a.png using Guid(15941f70fce71784da1321794120ea6a) Importer(815301076,1909f56bfc062723c751e8b465ee728b) [PhysX] Initialized MultithreadedTaskDispatcher with 4 workers.
[PhysX] Initialized MultithreadedTaskDispatcher with 4 workers.
[PhysX] Initialized MultithreadedTaskDispatcher with 4 workers.
 -> (artifact id: '9dfb5b866ca176d1b4813056a3922acb') in 0.133784 seconds
Number of updated asset objects reloaded before import = 0
Number of asset objects unloaded after import = 1
========================================================================
Received Import Request.
  Time since last request: 0.752237 seconds.
  path: Assets/Free Stylized Skybox/CubeMap/Textures/Sky_LowPoly_02_Night_a.png
  artifactKey: Guid(b4503954fd147c94180872808dde9eb3) Importer(815301076,1909f56bfc062723c751e8b465ee728b)
Start importing Assets/Free Stylized Skybox/CubeMap/Textures/Sky_LowPoly_02_Night_a.png using Guid(b4503954fd147c94180872808dde9eb3) Importer(815301076,1909f56bfc062723c751e8b465ee728b) [PhysX] Initialized MultithreadedTaskDispatcher with 4 workers.
[PhysX] Initialized MultithreadedTaskDispatcher with 4 workers.
[PhysX] Initialized MultithreadedTaskDispatcher with 4 workers.
 -> (artifact id: '78a1d58439e949d1cc97036e9f6c252a') in 0.140735 seconds
Number of updated asset objects reloaded before import = 0
Number of asset objects unloaded after import = 1
========================================================================
Received Import Request.
  Time since last request: 1.153810 seconds.
  path: Assets/Free Stylized Skybox/CubeMap/Textures/Sky_Anime_15_Day_a.png
  artifactKey: Guid(fca5a57d63136f6428a1d31d1ab2c777) Importer(815301076,1909f56bfc062723c751e8b465ee728b)
Start importing Assets/Free Stylized Skybox/CubeMap/Textures/Sky_Anime_15_Day_a.png using Guid(fca5a57d63136f6428a1d31d1ab2c777) Importer(815301076,1909f56bfc062723c751e8b465ee728b) [PhysX] Initialized MultithreadedTaskDispatcher with 4 workers.
[PhysX] Initialized MultithreadedTaskDispatcher with 4 workers.
[PhysX] Initialized MultithreadedTaskDispatcher with 4 workers.
 -> (artifact id: '8bcabaa55ff6fa56178261cd7ed5736d') in 0.136199 seconds
Number of updated asset objects reloaded before import = 0
Number of asset objects unloaded after import = 1
========================================================================
Received Import Request.
  Time since last request: 70.184401 seconds.
  path: Assets/Free Stylized Skybox/Scene.unity
  artifactKey: Guid(b6c24b8e304c2a24faf1f1e69b8ea107) Importer(815301076,1909f56bfc062723c751e8b465ee728b)
Start importing Assets/Free Stylized Skybox/Scene.unity using Guid(b6c24b8e304c2a24faf1f1e69b8ea107) Importer(815301076,1909f56bfc062723c751e8b465ee728b) [PhysX] Initialized MultithreadedTaskDispatcher with 4 workers.
 -> (artifact id: '824c1941ff2d1b9c3fa44bca50b2ce6b') in 0.002004 seconds
Number of updated asset objects reloaded before import = 0
Number of asset objects unloaded after import = 0
========================================================================
Received Import Request.
  Time since last request: 87.638059 seconds.
  path: Assets/Summer Open-Air Table And Chair v1.1/Models/Summer Open-Air Table Round Plastic.fbx
  artifactKey: Guid(049404de5a0943343b58e30928ed2fd8) Importer(815301076,1909f56bfc062723c751e8b465ee728b)
Start importing Assets/Summer Open-Air Table And Chair v1.1/Models/Summer Open-Air Table Round Plastic.fbx using Guid(049404de5a0943343b58e30928ed2fd8) Importer(815301076,1909f56bfc062723c751e8b465ee728b) [PhysX] Initialized MultithreadedTaskDispatcher with 4 workers.
[PhysX] Initialized MultithreadedTaskDispatcher with 4 workers.
[PhysX] Initialized MultithreadedTaskDispatcher with 4 workers.
 -> (artifact id: '775f3be26c521c16c65147bb99fd0c64') in 0.050286 seconds
Number of updated asset objects reloaded before import = 0
Number of asset objects unloaded after import = 7
========================================================================
Received Import Request.
  Time since last request: 0.831303 seconds.
  path: Assets/Summer Open-Air Table And Chair v1.1/Models/Summer Open-Air Chair Plastic.fbx
  artifactKey: Guid(ba4210b4b7ef10f49a331f23ede2e093) Importer(815301076,1909f56bfc062723c751e8b465ee728b)
Start importing Assets/Summer Open-Air Table And Chair v1.1/Models/Summer Open-Air Chair Plastic.fbx using Guid(ba4210b4b7ef10f49a331f23ede2e093) Importer(815301076,1909f56bfc062723c751e8b465ee728b) [PhysX] Initialized MultithreadedTaskDispatcher with 4 workers.
[PhysX] Initialized MultithreadedTaskDispatcher with 4 workers.
[PhysX] Initialized MultithreadedTaskDispatcher with 4 workers.
 -> (artifact id: '5e6fd5f5c010dfe5f5990987ec4c5c01') in 0.019978 seconds
Number of updated asset objects reloaded before import = 0
Number of asset objects unloaded after import = 7
========================================================================
Received Import Request.
  Time since last request: 3.128265 seconds.
  path: Assets/Summer Open-Air Table And Chair v1.1/Prefabs/Summer Open-Air Table Round Plastic.prefab
  artifactKey: Guid(aae5a96c395ace447af3e34010ab47e5) Importer(815301076,1909f56bfc062723c751e8b465ee728b)
Start importing Assets/Summer Open-Air Table And Chair v1.1/Prefabs/Summer Open-Air Table Round Plastic.prefab using Guid(aae5a96c395ace447af3e34010ab47e5) Importer(815301076,1909f56bfc062723c751e8b465ee728b) [PhysX] Initialized MultithreadedTaskDispatcher with 4 workers.
[PhysX] Initialized MultithreadedTaskDispatcher with 4 workers.
 -> (artifact id: '1f63a43c45649d10e0aaf7d892b4e999') in 0.149673 seconds
Number of updated asset objects reloaded before import = 0
Number of asset objects unloaded after import = 11
========================================================================
Received Import Request.
  Time since last request: 0.742113 seconds.
  path: Assets/Summer Open-Air Table And Chair v1.1/Prefabs/Summer Open-Air Chair Plastic.prefab
  artifactKey: Guid(a99b124aefd15f64e89ef63b6b1f4827) Importer(815301076,1909f56bfc062723c751e8b465ee728b)
Start importing Assets/Summer Open-Air Table And Chair v1.1/Prefabs/Summer Open-Air Chair Plastic.prefab using Guid(a99b124aefd15f64e89ef63b6b1f4827) Importer(815301076,1909f56bfc062723c751e8b465ee728b) [PhysX] Initialized MultithreadedTaskDispatcher with 4 workers.
[PhysX] Initialized MultithreadedTaskDispatcher with 4 workers.
 -> (artifact id: '596d16412591949eb46e2a33488bac15') in 0.035574 seconds
Number of updated asset objects reloaded before import = 0
Number of asset objects unloaded after import = 11
========================================================================
Received Import Request.
  Time since last request: 344.142952 seconds.
  path: Assets/Easy Primitive Animals/FarmEdition/Prefabs/Animals
  artifactKey: Guid(a810baeb5b4cf3d40a65894c35eb40cf) Importer(815301076,1909f56bfc062723c751e8b465ee728b)
Start importing Assets/Easy Primitive Animals/FarmEdition/Prefabs/Animals using Guid(a810baeb5b4cf3d40a65894c35eb40cf) Importer(815301076,1909f56bfc062723c751e8b465ee728b) [PhysX] Initialized MultithreadedTaskDispatcher with 4 workers.
 -> (artifact id: '09dad6f4ccbfd9a031dd271ea1a54df4') in 0.000961 seconds
Number of updated asset objects reloaded before import = 0
Number of asset objects unloaded after import = 0
========================================================================
Received Import Request.
  Time since last request: 627.618866 seconds.
  path: Assets/Scenes/SampleScene.unity
  artifactKey: Guid(9fc0d4010bbf28b4594072e72b8655ab) Importer(815301076,1909f56bfc062723c751e8b465ee728b)
Start importing Assets/Scenes/SampleScene.unity using Guid(9fc0d4010bbf28b4594072e72b8655ab) Importer(815301076,1909f56bfc062723c751e8b465ee728b) [PhysX] Initialized MultithreadedTaskDispatcher with 4 workers.
 -> (artifact id: '089b81ce71a5d965447d9032804b0a3c') in 0.000964 seconds
Number of updated asset objects reloaded before import = 0
Number of asset objects unloaded after import = 0
========================================================================
Received Import Request.
  Time since last request: 10.550537 seconds.
  path: Assets/Scenes/Animafe (Assetlerle yapılan).unity
  artifactKey: Guid(fd3ab7e7692231845ae1c44a5319e5eb) Importer(815301076,1909f56bfc062723c751e8b465ee728b)
Start importing Assets/Scenes/Animafe (Assetlerle yapılan).unity using Guid(fd3ab7e7692231845ae1c44a5319e5eb) Importer(815301076,1909f56bfc062723c751e8b465ee728b) [PhysX] Initialized MultithreadedTaskDispatcher with 4 workers.
 -> (artifact id: '5ad443917037702be03e1b73f42f4870') in 0.000890 seconds
Number of updated asset objects reloaded before import = 0
Number of asset objects unloaded after import = 0
========================================================================
Received Import Request.
  Time since last request: 593.662224 seconds.
  path: Assets/Lite Farm Pack/Prefabs/FenceGate_A.prefab
  artifactKey: Guid(0002f1bdebdb83e4cb81269763fe4b2f) Importer(815301076,1909f56bfc062723c751e8b465ee728b)
Start importing Assets/Lite Farm Pack/Prefabs/FenceGate_A.prefab using Guid(0002f1bdebdb83e4cb81269763fe4b2f) Importer(815301076,1909f56bfc062723c751e8b465ee728b) [PhysX] Initialized MultithreadedTaskDispatcher with 4 workers.
[PhysX] Initialized MultithreadedTaskDispatcher with 4 workers.
 -> (artifact id: 'b1c97fc40182c663671625249b859739') in 0.041318 seconds
Number of updated asset objects reloaded before import = 0
Number of asset objects unloaded after import = 10
========================================================================
Received Import Request.
  Time since last request: 0.570926 seconds.
  path: Assets/Lite Farm Pack/Prefabs/FenceEnd.prefab
  artifactKey: Guid(2d8c945ed39718148bb60ed85563190c) Importer(815301076,1909f56bfc062723c751e8b465ee728b)
Start importing Assets/Lite Farm Pack/Prefabs/FenceEnd.prefab using Guid(2d8c945ed39718148bb60ed85563190c) Importer(815301076,1909f56bfc062723c751e8b465ee728b) [PhysX] Initialized MultithreadedTaskDispatcher with 4 workers.
[PhysX] Initialized MultithreadedTaskDispatcher with 4 workers.
 -> (artifact id: '608adc93cd7a207509fb7d897e13a13b') in 0.023339 seconds
Number of updated asset objects reloaded before import = 0
Number of asset objects unloaded after import = 10
========================================================================
Received Import Request.
  Time since last request: 0.277602 seconds.
  path: Assets/Lite Farm Pack/Prefabs/Fence_Middle.prefab
  artifactKey: Guid(a7d1dd9522bb084498975fd966bbcb09) Importer(815301076,1909f56bfc062723c751e8b465ee728b)
Start importing Assets/Lite Farm Pack/Prefabs/Fence_Middle.prefab using Guid(a7d1dd9522bb084498975fd966bbcb09) Importer(815301076,1909f56bfc062723c751e8b465ee728b) [PhysX] Initialized MultithreadedTaskDispatcher with 4 workers.
[PhysX] Initialized MultithreadedTaskDispatcher with 4 workers.
 -> (artifact id: '1cc0fd6d26f7c009ecc61071e12d293c') in 0.023945 seconds
Number of updated asset objects reloaded before import = 0
Number of asset objects unloaded after import = 10
========================================================================
Received Import Request.
  Time since last request: 0.277053 seconds.
  path: Assets/Lite Farm Pack/Prefabs/Dirt.prefab
  artifactKey: Guid(982d86a08033e3e4c81b96929131a643) Importer(815301076,1909f56bfc062723c751e8b465ee728b)
Start importing Assets/Lite Farm Pack/Prefabs/Dirt.prefab using Guid(982d86a08033e3e4c81b96929131a643) Importer(815301076,1909f56bfc062723c751e8b465ee728b) [PhysX] Initialized MultithreadedTaskDispatcher with 4 workers.
[PhysX] Initialized MultithreadedTaskDispatcher with 4 workers.
 -> (artifact id: '10b846742b7f9fd6744ffddf4f5e84d8') in 0.021904 seconds
Number of updated asset objects reloaded before import = 0
Number of asset objects unloaded after import = 10
========================================================================
Received Import Request.
  Time since last request: 0.309018 seconds.
  path: Assets/Lite Farm Pack/Prefabs/Crate.prefab
  artifactKey: Guid(e3b849f6e9e680d4e8fd957e50fa2c74) Importer(815301076,1909f56bfc062723c751e8b465ee728b)
Start importing Assets/Lite Farm Pack/Prefabs/Crate.prefab using Guid(e3b849f6e9e680d4e8fd957e50fa2c74) Importer(815301076,1909f56bfc062723c751e8b465ee728b) [PhysX] Initialized MultithreadedTaskDispatcher with 4 workers.
[PhysX] Initialized MultithreadedTaskDispatcher with 4 workers.
 -> (artifact id: '7d06e9364f41bd0f3dcbbb7c8069c9d7') in 0.021400 seconds
Number of updated asset objects reloaded before import = 0
Number of asset objects unloaded after import = 10
========================================================================
Received Import Request.
  Time since last request: 0.419353 seconds.
  path: Assets/Lite Farm Pack/Prefabs/Grass.prefab
  artifactKey: Guid(ee62f561f82725a459aaa2a0ef0e5a3e) Importer(815301076,1909f56bfc062723c751e8b465ee728b)
Start importing Assets/Lite Farm Pack/Prefabs/Grass.prefab using Guid(ee62f561f82725a459aaa2a0ef0e5a3e) Importer(815301076,1909f56bfc062723c751e8b465ee728b) [PhysX] Initialized MultithreadedTaskDispatcher with 4 workers.
[PhysX] Initialized MultithreadedTaskDispatcher with 4 workers.
 -> (artifact id: '6784943e4912aa1609369aee767358d9') in 0.022632 seconds
Number of updated asset objects reloaded before import = 0
Number of asset objects unloaded after import = 10
========================================================================
Received Import Request.
  Time since last request: 0.481400 seconds.
  path: Assets/Lite Farm Pack/Prefabs/GrassGround.prefab
  artifactKey: Guid(b8b69ec67be734745951e445487d5a36) Importer(815301076,1909f56bfc062723c751e8b465ee728b)
Start importing Assets/Lite Farm Pack/Prefabs/GrassGround.prefab using Guid(b8b69ec67be734745951e445487d5a36) Importer(815301076,1909f56bfc062723c751e8b465ee728b) [PhysX] Initialized MultithreadedTaskDispatcher with 4 workers.
[PhysX] Initialized MultithreadedTaskDispatcher with 4 workers.
 -> (artifact id: '9f295bc59c865fd0df8f8eecc3b9ac52') in 0.023186 seconds
Number of updated asset objects reloaded before import = 0
Number of asset objects unloaded after import = 10
========================================================================
Received Import Request.
  Time since last request: 0.612982 seconds.
  path: Assets/Lite Farm Pack/Prefabs/Flower.prefab
  artifactKey: Guid(772619802dded0140a801dd015e2acf7) Importer(815301076,1909f56bfc062723c751e8b465ee728b)
Start importing Assets/Lite Farm Pack/Prefabs/Flower.prefab using Guid(772619802dded0140a801dd015e2acf7) Importer(815301076,1909f56bfc062723c751e8b465ee728b) [PhysX] Initialized MultithreadedTaskDispatcher with 4 workers.
[PhysX] Initialized MultithreadedTaskDispatcher with 4 workers.
 -> (artifact id: '7d3badffd717df13348f87242e1626bc') in 0.020612 seconds
Number of updated asset objects reloaded before import = 0
Number of asset objects unloaded after import = 10
========================================================================
Received Import Request.
  Time since last request: 179.911485 seconds.
  path: Assets/Scenes/Animafe (Assetlerle yapılan).unity
  artifactKey: Guid(fd3ab7e7692231845ae1c44a5319e5eb) Importer(815301076,1909f56bfc062723c751e8b465ee728b)
Start importing Assets/Scenes/Animafe (Assetlerle yapılan).unity using Guid(fd3ab7e7692231845ae1c44a5319e5eb) Importer(815301076,1909f56bfc062723c751e8b465ee728b) [PhysX] Initialized MultithreadedTaskDispatcher with 4 workers.
 -> (artifact id: '91781fd845fd14e765d266b896d445cb') in 0.000932 seconds
Number of updated asset objects reloaded before import = 0
Number of asset objects unloaded after import = 0
========================================================================
Received Import Request.
  Time since last request: 38.822496 seconds.
  path: Assets/Lite Farm Pack/Prefabs/FenceGate_B.prefab
  artifactKey: Guid(0e74dfb1f930cf640bff4277ee5994e9) Importer(815301076,1909f56bfc062723c751e8b465ee728b)
Start importing Assets/Lite Farm Pack/Prefabs/FenceGate_B.prefab using Guid(0e74dfb1f930cf640bff4277ee5994e9) Importer(815301076,1909f56bfc062723c751e8b465ee728b) [PhysX] Initialized MultithreadedTaskDispatcher with 4 workers.
[PhysX] Initialized MultithreadedTaskDispatcher with 4 workers.
 -> (artifact id: '602361de5ed8d98c69401331c9c8a00a') in 0.025890 seconds
Number of updated asset objects reloaded before import = 0
Number of asset objects unloaded after import = 10
========================================================================
Received Import Request.
  Time since last request: 2.295364 seconds.
  path: Assets/Lite Farm Pack/Prefabs/Plant_Large.prefab
  artifactKey: Guid(1ff530657f12e2944895de229213090e) Importer(815301076,1909f56bfc062723c751e8b465ee728b)
Start importing Assets/Lite Farm Pack/Prefabs/Plant_Large.prefab using Guid(1ff530657f12e2944895de229213090e) Importer(815301076,1909f56bfc062723c751e8b465ee728b) [PhysX] Initialized MultithreadedTaskDispatcher with 4 workers.
[PhysX] Initialized MultithreadedTaskDispatcher with 4 workers.
 -> (artifact id: '63f9f98b2d8c471696b874a6107b24e2') in 0.022254 seconds
Number of updated asset objects reloaded before import = 0
Number of asset objects unloaded after import = 10
========================================================================
Received Import Request.
  Time since last request: 0.493015 seconds.
  path: Assets/Lite Farm Pack/Prefabs/Plant_Small.prefab
  artifactKey: Guid(3de640461f794dc44a223f1cfedb8abf) Importer(815301076,1909f56bfc062723c751e8b465ee728b)
Start importing Assets/Lite Farm Pack/Prefabs/Plant_Small.prefab using Guid(3de640461f794dc44a223f1cfedb8abf) Importer(815301076,1909f56bfc062723c751e8b465ee728b) [PhysX] Initialized MultithreadedTaskDispatcher with 4 workers.
[PhysX] Initialized MultithreadedTaskDispatcher with 4 workers.
 -> (artifact id: '291358e8c05a3cb45663cfa219d339b9') in 0.020300 seconds
Number of updated asset objects reloaded before import = 0
Number of asset objects unloaded after import = 10
========================================================================
Received Import Request.
  Time since last request: 0.484385 seconds.
  path: Assets/Lite Farm Pack/Prefabs/Plant_Tomato_Medium.prefab
  artifactKey: Guid(f12845bb4d1709a499e97026b8068627) Importer(815301076,1909f56bfc062723c751e8b465ee728b)
Start importing Assets/Lite Farm Pack/Prefabs/Plant_Tomato_Medium.prefab using Guid(f12845bb4d1709a499e97026b8068627) Importer(815301076,1909f56bfc062723c751e8b465ee728b) [PhysX] Initialized MultithreadedTaskDispatcher with 4 workers.
[PhysX] Initialized MultithreadedTaskDispatcher with 4 workers.
 -> (artifact id: '85507916bd3206727ee56a966cf0ecf1') in 0.019033 seconds
Number of updated asset objects reloaded before import = 0
Number of asset objects unloaded after import = 10
========================================================================
Received Import Request.
  Time since last request: 0.424615 seconds.
  path: Assets/Lite Farm Pack/Prefabs/Seed.prefab
  artifactKey: Guid(ff4399c5c516b6145b031f40e03b2334) Importer(815301076,1909f56bfc062723c751e8b465ee728b)
Start importing Assets/Lite Farm Pack/Prefabs/Seed.prefab using Guid(ff4399c5c516b6145b031f40e03b2334) Importer(815301076,1909f56bfc062723c751e8b465ee728b) [PhysX] Initialized MultithreadedTaskDispatcher with 4 workers.
[PhysX] Initialized MultithreadedTaskDispatcher with 4 workers.
 -> (artifact id: '8e91fda318fcb64c4dba70920ae9ee51') in 0.019777 seconds
Number of updated asset objects reloaded before import = 0
Number of asset objects unloaded after import = 10
========================================================================
Received Import Request.
  Time since last request: 2.639072 seconds.
  path: Assets/Lite Farm Pack/Prefabs/Tomato_C.prefab
  artifactKey: Guid(4009e2ce712a23847bf6d128cb0ca0f3) Importer(815301076,1909f56bfc062723c751e8b465ee728b)
Start importing Assets/Lite Farm Pack/Prefabs/Tomato_C.prefab using Guid(4009e2ce712a23847bf6d128cb0ca0f3) Importer(815301076,1909f56bfc062723c751e8b465ee728b) [PhysX] Initialized MultithreadedTaskDispatcher with 4 workers.
[PhysX] Initialized MultithreadedTaskDispatcher with 4 workers.
 -> (artifact id: 'c57b277beff1d61efc5549fd2ead8619') in 0.024051 seconds
Number of updated asset objects reloaded before import = 0
Number of asset objects unloaded after import = 10
========================================================================
Received Import Request.
  Time since last request: 0.598648 seconds.
  path: Assets/Lite Farm Pack/Prefabs/Tomato_Bunch_Immature.prefab
  artifactKey: Guid(296272ea826301b4da30e3f7d5663af3) Importer(815301076,1909f56bfc062723c751e8b465ee728b)
Start importing Assets/Lite Farm Pack/Prefabs/Tomato_Bunch_Immature.prefab using Guid(296272ea826301b4da30e3f7d5663af3) Importer(815301076,1909f56bfc062723c751e8b465ee728b) [PhysX] Initialized MultithreadedTaskDispatcher with 4 workers.
[PhysX] Initialized MultithreadedTaskDispatcher with 4 workers.
 -> (artifact id: '9df49dc491fcdd5557437c4f9bc2bde1') in 0.026222 seconds
Number of updated asset objects reloaded before import = 0
Number of asset objects unloaded after import = 10
========================================================================
Received Import Request.
  Time since last request: 0.386375 seconds.
  path: Assets/Lite Farm Pack/Prefabs/Tomato_Bunch.prefab
  artifactKey: Guid(89db9bc6a6b56ce4ba41ec46364fd52a) Importer(815301076,1909f56bfc062723c751e8b465ee728b)
Start importing Assets/Lite Farm Pack/Prefabs/Tomato_Bunch.prefab using Guid(89db9bc6a6b56ce4ba41ec46364fd52a) Importer(815301076,1909f56bfc062723c751e8b465ee728b) [PhysX] Initialized MultithreadedTaskDispatcher with 4 workers.
[PhysX] Initialized MultithreadedTaskDispatcher with 4 workers.
 -> (artifact id: '72d5e7d0e0df0acb5d173abf0b8f9cf7') in 0.028018 seconds
Number of updated asset objects reloaded before import = 0
Number of asset objects unloaded after import = 10
========================================================================
Received Import Request.
  Time since last request: 1.034125 seconds.
  path: Assets/Lite Farm Pack/Prefabs/Tomato_Crate_Pack.prefab
  artifactKey: Guid(130c2f5b7542aa043bb0f9b1bde2e9f3) Importer(815301076,1909f56bfc062723c751e8b465ee728b)
Start importing Assets/Lite Farm Pack/Prefabs/Tomato_Crate_Pack.prefab using Guid(130c2f5b7542aa043bb0f9b1bde2e9f3) Importer(815301076,1909f56bfc062723c751e8b465ee728b) [PhysX] Initialized MultithreadedTaskDispatcher with 4 workers.
[PhysX] Initialized MultithreadedTaskDispatcher with 4 workers.
 -> (artifact id: '736c9a2ce0f265fda810e79de1732ee0') in 0.031603 seconds
Number of updated asset objects reloaded before import = 0
Number of asset objects unloaded after import = 220
========================================================================
Received Import Request.
  Time since last request: 0.452438 seconds.
  path: Assets/Lite Farm Pack/Prefabs/Tomato_Fallen.prefab
  artifactKey: Guid(305607abdee0b2246ad1fe5ccbbe700d) Importer(815301076,1909f56bfc062723c751e8b465ee728b)
Start importing Assets/Lite Farm Pack/Prefabs/Tomato_Fallen.prefab using Guid(305607abdee0b2246ad1fe5ccbbe700d) Importer(815301076,1909f56bfc062723c751e8b465ee728b) [PhysX] Initialized MultithreadedTaskDispatcher with 4 workers.
[PhysX] Initialized MultithreadedTaskDispatcher with 4 workers.
 -> (artifact id: '8a120b9338ce412a27ce5c2d84e52fc6') in 0.029786 seconds
Number of updated asset objects reloaded before import = 0
Number of asset objects unloaded after import = 58
========================================================================
Received Import Request.
  Time since last request: 0.327698 seconds.
  path: Assets/Lite Farm Pack/Prefabs/Tree.prefab
  artifactKey: Guid(2fb59737d6e4b1c489e14796b487c46d) Importer(815301076,1909f56bfc062723c751e8b465ee728b)
Start importing Assets/Lite Farm Pack/Prefabs/Tree.prefab using Guid(2fb59737d6e4b1c489e14796b487c46d) Importer(815301076,1909f56bfc062723c751e8b465ee728b) [PhysX] Initialized MultithreadedTaskDispatcher with 4 workers.
[PhysX] Initialized MultithreadedTaskDispatcher with 4 workers.
 -> (artifact id: 'f8094b7f06bf63f9b72f286aabe14159') in 0.024016 seconds
Number of updated asset objects reloaded before import = 0
Number of asset objects unloaded after import = 10
========================================================================
Received Import Request.
  Time since last request: 1.720049 seconds.
  path: Assets/Lite Farm Pack/Prefabs/WaterCan.prefab
  artifactKey: Guid(c39247351da8d7d4a8afdc0732d99583) Importer(815301076,1909f56bfc062723c751e8b465ee728b)
Start importing Assets/Lite Farm Pack/Prefabs/WaterCan.prefab using Guid(c39247351da8d7d4a8afdc0732d99583) Importer(815301076,1909f56bfc062723c751e8b465ee728b) [PhysX] Initialized MultithreadedTaskDispatcher with 4 workers.
[PhysX] Initialized MultithreadedTaskDispatcher with 4 workers.
 -> (artifact id: 'e019026db170fe8490f7593a0330f5b7') in 0.020742 seconds
Number of updated asset objects reloaded before import = 0
Number of asset objects unloaded after import = 10
========================================================================
Received Import Request.
  Time since last request: 35.166993 seconds.
  path: Assets/Lite Farm Pack/Prefabs/Mountain.prefab
  artifactKey: Guid(6c4007604bc022f448fc1c1580e16882) Importer(815301076,1909f56bfc062723c751e8b465ee728b)
Start importing Assets/Lite Farm Pack/Prefabs/Mountain.prefab using Guid(6c4007604bc022f448fc1c1580e16882) Importer(815301076,1909f56bfc062723c751e8b465ee728b) [PhysX] Initialized MultithreadedTaskDispatcher with 4 workers.
[PhysX] Initialized MultithreadedTaskDispatcher with 4 workers.
 -> (artifact id: '7a19432eb864739451ac954bc412585a') in 0.021009 seconds
Number of updated asset objects reloaded before import = 0
Number of asset objects unloaded after import = 10
========================================================================
Received Import Request.
  Time since last request: 1.500633 seconds.
  path: Assets/Lite Farm Pack/Prefabs/Harrow.prefab
  artifactKey: Guid(d3aec173598a9e74184e6b18eced2cfd) Importer(815301076,1909f56bfc062723c751e8b465ee728b)
Start importing Assets/Lite Farm Pack/Prefabs/Harrow.prefab using Guid(d3aec173598a9e74184e6b18eced2cfd) Importer(815301076,1909f56bfc062723c751e8b465ee728b) [PhysX] Initialized MultithreadedTaskDispatcher with 4 workers.
[PhysX] Initialized MultithreadedTaskDispatcher with 4 workers.
 -> (artifact id: '5a28bf04796f3a3e8de37e1d68e5f455') in 0.019353 seconds
Number of updated asset objects reloaded before import = 0
Number of asset objects unloaded after import = 10
